{"level":"info","time":"2021-06-16T17:16:45.630-0400","caller":"cobra/command.go:854","msg":"LambdaTest Tunnel version: 3.1.12"}
{"level":"debug","time":"2021-06-16T17:16:45.634-0400","caller":"cmd/lt.go:176","msg":"Starting pipeline....."}
{"level":"debug","time":"2021-06-16T17:16:45.634-0400","caller":"cmd/lt.go:176","msg":"Fetching config"}
{"level":"debug","time":"2021-06-16T17:16:45.748-0400","caller":"cmd/lt.go:176","msg":"Remote config fetched"}
{"level":"debug","time":"2021-06-16T17:16:45.748-0400","caller":"cmd/lt.go:176","msg":"Skipping upgrade"}
{"level":"debug","time":"2021-06-16T17:16:46.037-0400","caller":"core/lifecycle.go:160","msg":"Starting File server"}
{"level":"debug","time":"2021-06-16T17:16:46.037-0400","caller":"core/lifecycle.go:134","msg":"Starting API server"}
{"level":"debug","time":"2021-06-16T17:16:46.037-0400","caller":"core/lifecycle.go:120","msg":"Starting sink proxy"}
{"level":"debug","time":"2021-06-16T17:16:46.037-0400","caller":"runtime/asm_amd64.s:1373","msg":"Trying on port 22"}
{"level":"debug","time":"2021-06-16T17:16:46.037-0400","caller":"fileserver/setup.go:96","msg":"Starting File server for tunnel info on port: 33000"}
{"level":"debug","time":"2021-06-16T17:16:46.037-0400","caller":"runtime/asm_amd64.s:1373","msg":"Starting the callback agent"}
{"level":"debug","time":"2021-06-16T17:16:46.037-0400","caller":"runtime/asm_amd64.s:1373","msg":"Trying on port 443"}
{"level":"debug","time":"2021-06-16T17:16:46.037-0400","caller":"runtime/asm_amd64.s:1373","msg":"Trying over ws"}
{"level":"debug","time":"2021-06-16T17:16:46.046-0400","caller":"apiserver/setup.go:173","msg":"Starting API server for tunnel info on port: 63002"}
{"level":"info","time":"2021-06-16T17:16:46.098-0400","caller":"custom/setup.go:643","msg":"Tunnel binary started on port :9090"}
{"level":"debug","time":"2021-06-16T17:16:46.109-0400","caller":"runtime/asm_amd64.s:1373","msg":"WSS connection was successful"}
{"level":"debug","time":"2021-06-16T17:16:46.690-0400","caller":"runtime/asm_amd64.s:1373","msg":"SSH connection over ws successful"}
{"level":"debug","time":"2021-06-16T17:16:46.755-0400","caller":"runtime/asm_amd64.s:1373","msg":"SSH connection over port 443 successful"}
{"level":"debug","time":"2021-06-16T17:16:46.822-0400","caller":"runtime/asm_amd64.s:1373","msg":"SSH connection over port 22 successful"}
{"level":"info","time":"2021-06-16T17:16:46.822-0400","caller":"core/lifecycle.go:97","msg":"Using ssh(over_22) :: connection mode"}
{"level":"info","time":"2021-06-16T17:16:46.822-0400","caller":"cmd/lt.go:176","msg":"Launching tunnel"}
{"level":"debug","time":"2021-06-16T17:16:46.822-0400","caller":"core/lifecycle.go:215","msg":"Starting control ws connection at wss://ts.lambdatest.com/monitor"}
{"level":"debug","time":"2021-06-16T17:16:46.959-0400","caller":"core/lifecycle.go:215","msg":"Control ws channel opened"}
{"level":"debug","time":"2021-06-16T17:16:46.959-0400","caller":"runtime/asm_amd64.s:1373","msg":"Starting message listener on control connection"}
{"level":"debug","time":"2021-06-16T17:16:47.010-0400","caller":"runtime/asm_amd64.s:1373","msg":"Sending tunnel registered message to channels"}
{"level":"debug","time":"2021-06-16T17:16:47.010-0400","caller":"core/lifecycle.go:265","msg":"Using 5 ssh connection"}
{"level":"debug","time":"2021-06-16T17:16:47.010-0400","caller":"runtime/asm_amd64.s:1373","msg":"Tunnel registered message received on control channel"}
{"level":"debug","time":"2021-06-16T17:16:47.010-0400","caller":"runtime/asm_amd64.s:1373","msg":"controller bus registered"}
{"level":"debug","time":"2021-06-16T17:16:47.014-0400","caller":"runtime/asm_amd64.s:1373","msg":"Webhook endpoint http://127.0.0.1:63001/ successfully notified"}
{"level":"debug","time":"2021-06-16T17:16:47.782-0400","caller":"runtime/asm_amd64.s:1373","msg":"Successfully started remote listener on port: 20758"}
{"level":"debug","time":"2021-06-16T17:16:47.950-0400","caller":"runtime/asm_amd64.s:1373","msg":"Successfully started remote listener on port: 13707"}
{"level":"info","time":"2021-06-16T17:16:47.950-0400","caller":"runtime/asm_amd64.s:1373","msg":"You can start testing now"}
{"level":"info","time":"2021-06-16T17:16:47.950-0400","caller":"runtime/asm_amd64.s:1373","msg":"Tunnel ID: 535205"}
{"level":"debug","time":"2021-06-16T17:16:47.950-0400","caller":"runtime/asm_amd64.s:1373","msg":"Remote Listener Started on Port 15428"}
{"level":"debug","time":"2021-06-16T17:16:47.979-0400","caller":"runtime/asm_amd64.s:1373","msg":"Successfully started remote listener on port: 29202"}
{"level":"debug","time":"2021-06-16T17:16:47.979-0400","caller":"runtime/asm_amd64.s:1373","msg":"Successfully started remote listener on port: 29188"}
{"level":"debug","time":"2021-06-16T17:16:47.980-0400","caller":"runtime/asm_amd64.s:1373","msg":"Successfully started remote listener on port: 26530"}
{"level":"debug","time":"2021-06-16T17:17:34.313-0400","caller":"runtime/asm_amd64.s:1373","msg":"handling connect request for URL //location.services.mozilla.com:443"}
{"level":"debug","time":"2021-06-16T17:17:34.342-0400","caller":"runtime/asm_amd64.s:1373","msg":"handle http request for local-folder.lambdatest.com"}
{"level":"debug","time":"2021-06-16T17:17:34.342-0400","caller":"runtime/asm_amd64.s:1373","msg":"handle http request for detectportal.firefox.com"}
{"level":"debug","time":"2021-06-16T17:17:34.343-0400","caller":"runtime/asm_amd64.s:1373","msg":"handling connect request for URL //firefox.settings.services.mozilla.com:443"}
{"level":"debug","time":"2021-06-16T17:17:34.392-0400","caller":"runtime/asm_amd64.s:1373","msg":"Response &{200 OK 200 HTTP/1.1 1 1 map[Age:[8029] Cache-Control:[public, must-revalidate, max-age=0, s-maxage=86400] Content-Length:[8] Content-Type:[text/plain] Date:[Wed, 16 Jun 2021 19:03:45 GMT] Server:[nginx] Via:[1.1 google]] 0xc0006001c0 8 [] false false map[] 0xc0005fa200 <nil>} for http request from host detectportal.firefox.com"}
{"level":"debug","time":"2021-06-16T17:17:34.432-0400","caller":"runtime/asm_amd64.s:1373","msg":"handling connect request for URL //firefox.settings.services.mozilla.com:443"}
{"level":"debug","time":"2021-06-16T17:17:34.539-0400","caller":"runtime/asm_amd64.s:1373","msg":"handling connect request for URL //incoming.telemetry.mozilla.org:443"}
{"level":"debug","time":"2021-06-16T17:17:34.599-0400","caller":"runtime/asm_amd64.s:1373","msg":"handle http request for detectportal.firefox.com"}
{"level":"debug","time":"2021-06-16T17:17:34.599-0400","caller":"runtime/asm_amd64.s:1373","msg":"handle http request for detectportal.firefox.com"}
{"level":"debug","time":"2021-06-16T17:17:34.628-0400","caller":"runtime/asm_amd64.s:1373","msg":"Response &{200 OK 200 HTTP/1.1 1 1 map[Age:[15953] Cache-Control:[public, must-revalidate, max-age=0, s-maxage=86400] Content-Length:[8] Content-Type:[text/plain] Date:[Wed, 16 Jun 2021 16:51:41 GMT] Server:[nginx] Via:[1.1 google]] 0xc000500480 8 [] false false map[] 0xc0002aa700 <nil>} for http request from host detectportal.firefox.com"}
{"level":"debug","time":"2021-06-16T17:17:34.629-0400","caller":"runtime/asm_amd64.s:1373","msg":"Response &{200 OK 200 HTTP/1.1 1 1 map[Age:[15953] Cache-Control:[public, must-revalidate, max-age=0, s-maxage=86400] Content-Length:[8] Content-Type:[text/plain] Date:[Wed, 16 Jun 2021 16:51:41 GMT] Server:[nginx] Via:[1.1 google]] 0xc00005c840 8 [] false false map[] 0xc0002cc100 <nil>} for http request from host detectportal.firefox.com"}
{"level":"debug","time":"2021-06-16T17:17:34.646-0400","caller":"runtime/asm_amd64.s:1373","msg":"Response &{404 Not Found 404 HTTP/1.1 1 1 map[Content-Length:[19] Content-Type:[text/plain; charset=utf-8] Date:[Wed, 16 Jun 2021 21:17:34 GMT] X-Content-Type-Options:[nosniff]] 0xc000500540 19 [] false false map[] 0xc000744100 <nil>} for http request from host local-folder.lambdatest.com"}
{"level":"debug","time":"2021-06-16T17:17:34.647-0400","caller":"runtime/asm_amd64.s:1373","msg":"handling connect request for URL //shavar.services.mozilla.com:443"}
{"level":"debug","time":"2021-06-16T17:17:34.756-0400","caller":"runtime/asm_amd64.s:1373","msg":"handling connect request for URL //firefox.settings.services.mozilla.com:443"}
{"level":"debug","time":"2021-06-16T17:17:34.777-0400","caller":"runtime/asm_amd64.s:1373","msg":"handle http request for local-folder.lambdatest.com"}
{"level":"debug","time":"2021-06-16T17:17:34.831-0400","caller":"runtime/asm_amd64.s:1373","msg":"handle http request for ocsp.digicert.com"}
{"level":"debug","time":"2021-06-16T17:17:34.853-0400","caller":"runtime/asm_amd64.s:1373","msg":"Response &{200 OK 200 HTTP/1.1 1 1 map[Accept-Ranges:[bytes] Age:[247] Cache-Control:[max-age=114432] Content-Length:[471] Content-Type:[application/ocsp-response] Date:[Wed, 16 Jun 2021 21:17:35 GMT] Etag:[\"60c98578-1d7\"] Expires:[Fri, 18 Jun 2021 05:04:47 GMT] Last-Modified:[Wed, 16 Jun 2021 05:00:40 GMT] Server:[ECS (dcb/7ECA)] X-Cache:[HIT]] 0xc00005c500 471 [] false false map[] 0xc00009c400 <nil>} for http request from host ocsp.digicert.com"}
{"level":"debug","time":"2021-06-16T17:17:34.881-0400","caller":"runtime/asm_amd64.s:1373","msg":"handling connect request for URL //firefox.settings.services.mozilla.com:443"}
{"level":"debug","time":"2021-06-16T17:17:34.897-0400","caller":"runtime/asm_amd64.s:1373","msg":"handle http request for ocsp.digicert.com"}
{"level":"debug","time":"2021-06-16T17:17:34.923-0400","caller":"runtime/asm_amd64.s:1373","msg":"Response &{200 OK 200 HTTP/1.1 1 1 map[Accept-Ranges:[bytes] Age:[1624] Cache-Control:[max-age=101401] Content-Length:[471] Content-Type:[application/ocsp-response] Date:[Wed, 16 Jun 2021 21:17:35 GMT] Etag:[\"60c94d30-1d7\"] Expires:[Fri, 18 Jun 2021 01:27:36 GMT] Last-Modified:[Wed, 16 Jun 2021 01:00:32 GMT] Server:[ECS (dcb/7F5D)] X-Cache:[HIT]] 0xc0005a6640 471 [] false false map[] 0xc00009c500 <nil>} for http request from host ocsp.digicert.com"}
{"level":"debug","time":"2021-06-16T17:17:34.960-0400","caller":"runtime/asm_amd64.s:1373","msg":"handle http request for ocsp.digicert.com"}
{"level":"debug","time":"2021-06-16T17:17:34.988-0400","caller":"runtime/asm_amd64.s:1373","msg":"Response &{200 OK 200 HTTP/1.1 1 1 map[Accept-Ranges:[bytes] Age:[2233] Cache-Control:[max-age=112818] Content-Length:[471] Content-Type:[application/ocsp-response] Date:[Wed, 16 Jun 2021 21:17:35 GMT] Etag:[\"60c97768-1d7\"] Expires:[Fri, 18 Jun 2021 04:37:53 GMT] Last-Modified:[Wed, 16 Jun 2021 04:00:40 GMT] Server:[ECS (dcb/7F5D)] X-Cache:[HIT]] 0xc0002ba400 471 [] false false map[] 0xc0005fa200 <nil>} for http request from host ocsp.digicert.com"}
{"level":"debug","time":"2021-06-16T17:17:35.081-0400","caller":"runtime/asm_amd64.s:1373","msg":"Response &{404 Not Found 404 HTTP/1.1 1 1 map[Content-Length:[19] Content-Type:[text/plain; charset=utf-8] Date:[Wed, 16 Jun 2021 21:17:35 GMT] X-Content-Type-Options:[nosniff]] 0xc0005a6780 19 [] false false map[] 0xc0002cc200 <nil>} for http request from host local-folder.lambdatest.com"}
{"level":"debug","time":"2021-06-16T17:17:35.115-0400","caller":"runtime/asm_amd64.s:1373","msg":"handling connect request for URL //content-signature-2.cdn.mozilla.net:443"}
{"level":"debug","time":"2021-06-16T17:17:35.156-0400","caller":"runtime/asm_amd64.s:1373","msg":"handle http request for ocsp.digicert.com"}
{"level":"debug","time":"2021-06-16T17:17:35.188-0400","caller":"runtime/asm_amd64.s:1373","msg":"Response &{200 OK 200 HTTP/1.1 1 1 map[Accept-Ranges:[bytes] Age:[4353] Cache-Control:[max-age=132588] Content-Length:[471] Content-Type:[application/ocsp-response] Date:[Wed, 16 Jun 2021 21:17:35 GMT] Etag:[\"60c9bc5b-1d7\"] Expires:[Fri, 18 Jun 2021 10:07:23 GMT] Last-Modified:[Wed, 16 Jun 2021 08:54:51 GMT] Server:[ECS (dcb/7F60)] X-Cache:[HIT]] 0xc000500480 471 [] false false map[] 0xc000744400 <nil>} for http request from host ocsp.digicert.com"}
{"level":"debug","time":"2021-06-16T17:17:35.231-0400","caller":"runtime/asm_amd64.s:1373","msg":"handling connect request for URL //content-signature-2.cdn.mozilla.net:443"}
{"level":"debug","time":"2021-06-16T17:17:35.347-0400","caller":"runtime/asm_amd64.s:1373","msg":"handling connect request for URL //content-signature-2.cdn.mozilla.net:443"}
{"level":"debug","time":"2021-06-16T17:17:35.387-0400","caller":"runtime/asm_amd64.s:1373","msg":"handling connect request for URL //content-signature-2.cdn.mozilla.net:443"}
{"level":"debug","time":"2021-06-16T17:17:35.562-0400","caller":"runtime/asm_amd64.s:1373","msg":"handling connect request for URL //tracking-protection.cdn.mozilla.net:443"}
{"level":"debug","time":"2021-06-16T17:17:35.651-0400","caller":"runtime/asm_amd64.s:1373","msg":"handling connect request for URL //normandy.cdn.mozilla.net:443"}
{"level":"debug","time":"2021-06-16T17:17:36.025-0400","caller":"runtime/asm_amd64.s:1373","msg":"handling connect request for URL //tracking-protection.cdn.mozilla.net:443"}
{"level":"debug","time":"2021-06-16T17:17:36.103-0400","caller":"runtime/asm_amd64.s:1373","msg":"handling connect request for URL //classify-client.services.mozilla.com:443"}
{"level":"debug","time":"2021-06-16T17:17:36.113-0400","caller":"runtime/asm_amd64.s:1373","msg":"handling connect request for URL //firefox-settings-attachments.cdn.mozilla.net:443"}
{"level":"debug","time":"2021-06-16T17:17:36.231-0400","caller":"runtime/asm_amd64.s:1373","msg":"handling connect request for URL //firefox-settings-attachments.cdn.mozilla.net:443"}
{"level":"debug","time":"2021-06-16T17:17:36.311-0400","caller":"runtime/asm_amd64.s:1373","msg":"handle http request for ocsp.digicert.com"}
{"level":"debug","time":"2021-06-16T17:17:36.352-0400","caller":"runtime/asm_amd64.s:1373","msg":"Response &{200 OK 200 HTTP/1.1 1 1 map[Accept-Ranges:[bytes] Age:[3448] Cache-Control:[max-age=131683] Content-Length:[471] Content-Type:[application/ocsp-response] Date:[Wed, 16 Jun 2021 21:17:36 GMT] Etag:[\"60c9bc5b-1d7\"] Expires:[Fri, 18 Jun 2021 09:52:19 GMT] Last-Modified:[Wed, 16 Jun 2021 08:54:51 GMT] Server:[ECS (dcb/7F5B)] X-Cache:[HIT]] 0xc0003d2080 471 [] false false map[] 0xc000744900 <nil>} for http request from host ocsp.digicert.com"}
{"level":"debug","time":"2021-06-16T17:17:36.641-0400","caller":"runtime/asm_amd64.s:1373","msg":"handling connect request for URL //tracking-protection.cdn.mozilla.net:443"}
{"level":"debug","time":"2021-06-16T17:17:36.821-0400","caller":"runtime/asm_amd64.s:1373","msg":"handling connect request for URL //snippets.cdn.mozilla.net:443"}
{"level":"debug","time":"2021-06-16T17:17:37.075-0400","caller":"runtime/asm_amd64.s:1373","msg":"handling connect request for URL //snippets.cdn.mozilla.net:443"}
{"level":"debug","time":"2021-06-16T17:17:37.086-0400","caller":"runtime/asm_amd64.s:1373","msg":"handling connect request for URL //content-signature-2.cdn.mozilla.net:443"}
{"level":"debug","time":"2021-06-16T17:17:37.096-0400","caller":"runtime/asm_amd64.s:1373","msg":"handling connect request for URL //tracking-protection.cdn.mozilla.net:443"}
{"level":"debug","time":"2021-06-16T17:17:37.546-0400","caller":"runtime/asm_amd64.s:1373","msg":"handling connect request for URL //tracking-protection.cdn.mozilla.net:443"}
{"level":"debug","time":"2021-06-16T17:17:38.055-0400","caller":"runtime/asm_amd64.s:1373","msg":"handling connect request for URL //tracking-protection.cdn.mozilla.net:443"}
{"level":"debug","time":"2021-06-16T17:17:38.896-0400","caller":"runtime/asm_amd64.s:1373","msg":"handling connect request for URL //tracking-protection.cdn.mozilla.net:443"}
{"level":"debug","time":"2021-06-16T17:17:40.047-0400","caller":"runtime/asm_amd64.s:1373","msg":"handling connect request for URL //tracking-protection.cdn.mozilla.net:443"}
{"level":"debug","time":"2021-06-16T17:17:40.501-0400","caller":"runtime/asm_amd64.s:1373","msg":"handling connect request for URL //tracking-protection.cdn.mozilla.net:443"}
{"level":"debug","time":"2021-06-16T17:17:40.947-0400","caller":"runtime/asm_amd64.s:1373","msg":"handling connect request for URL //tracking-protection.cdn.mozilla.net:443"}
{"level":"debug","time":"2021-06-16T17:17:41.366-0400","caller":"runtime/asm_amd64.s:1373","msg":"handling connect request for URL //tracking-protection.cdn.mozilla.net:443"}
{"level":"debug","time":"2021-06-16T17:17:41.808-0400","caller":"runtime/asm_amd64.s:1373","msg":"handling connect request for URL //tracking-protection.cdn.mozilla.net:443"}
{"level":"debug","time":"2021-06-16T17:17:42.108-0400","caller":"runtime/asm_amd64.s:1373","msg":"handle http request for local-folder.lambdatest.com"}
{"level":"debug","time":"2021-06-16T17:17:42.412-0400","caller":"runtime/asm_amd64.s:1373","msg":"Response &{404 Not Found 404 HTTP/1.1 1 1 map[Content-Length:[19] Content-Type:[text/plain; charset=utf-8] Date:[Wed, 16 Jun 2021 21:17:42 GMT] X-Content-Type-Options:[nosniff]] 0xc000500740 19 [] false false map[] 0xc0002aa900 <nil>} for http request from host local-folder.lambdatest.com"}
{"level":"debug","time":"2021-06-16T17:17:42.413-0400","caller":"runtime/asm_amd64.s:1373","msg":"handling connect request for URL //tracking-protection.cdn.mozilla.net:443"}
{"level":"debug","time":"2021-06-16T17:17:42.516-0400","caller":"runtime/asm_amd64.s:1373","msg":"handle http request for local-folder.lambdatest.com"}
{"level":"debug","time":"2021-06-16T17:17:42.824-0400","caller":"runtime/asm_amd64.s:1373","msg":"Response &{404 Not Found 404 HTTP/1.1 1 1 map[Content-Length:[19] Content-Type:[text/plain; charset=utf-8] Date:[Wed, 16 Jun 2021 21:17:42 GMT] X-Content-Type-Options:[nosniff]] 0xc000500980 19 [] false false map[] 0xc00009c700 <nil>} for http request from host local-folder.lambdatest.com"}
{"level":"debug","time":"2021-06-16T17:17:42.848-0400","caller":"runtime/asm_amd64.s:1373","msg":"handling connect request for URL //tracking-protection.cdn.mozilla.net:443"}
{"level":"debug","time":"2021-06-16T17:17:43.279-0400","caller":"runtime/asm_amd64.s:1373","msg":"handling connect request for URL //tracking-protection.cdn.mozilla.net:443"}
{"level":"debug","time":"2021-06-16T17:17:43.693-0400","caller":"runtime/asm_amd64.s:1373","msg":"handling connect request for URL //tracking-protection.cdn.mozilla.net:443"}
{"level":"debug","time":"2021-06-16T17:17:44.116-0400","caller":"runtime/asm_amd64.s:1373","msg":"handling connect request for URL //tracking-protection.cdn.mozilla.net:443"}
{"level":"debug","time":"2021-06-16T17:17:44.579-0400","caller":"runtime/asm_amd64.s:1373","msg":"handling connect request for URL //tracking-protection.cdn.mozilla.net:443"}
{"level":"debug","time":"2021-06-16T17:18:08.811-0400","caller":"runtime/asm_amd64.s:1373","msg":"handling connect request for URL //safebrowsing.googleapis.com:443"}
{"level":"debug","time":"2021-06-16T17:18:09.053-0400","caller":"runtime/asm_amd64.s:1373","msg":"handle http request for ocsp.pki.goog"}
{"level":"debug","time":"2021-06-16T17:18:09.088-0400","caller":"runtime/asm_amd64.s:1373","msg":"Response &{200 OK 200 HTTP/1.1 1 1 map[Cache-Control:[public, max-age=86400] Content-Length:[472] Content-Type:[application/ocsp-response] Date:[Wed, 16 Jun 2021 21:18:09 GMT] Server:[ocsp_responder] X-Frame-Options:[SAMEORIGIN] X-Xss-Protection:[0]] 0xc000600780 472 [] false false map[] 0xc00009d100 <nil>} for http request from host ocsp.pki.goog"}
{"level":"debug","time":"2021-06-16T17:18:34.046-0400","caller":"runtime/asm_amd64.s:1373","msg":"handle http request for detectportal.firefox.com"}
{"level":"debug","time":"2021-06-16T17:18:34.101-0400","caller":"runtime/asm_amd64.s:1373","msg":"Response &{200 OK 200 HTTP/1.1 1 1 map[Age:[16013] Cache-Control:[public, must-revalidate, max-age=0, s-maxage=86400] Content-Length:[8] Content-Type:[text/plain] Date:[Wed, 16 Jun 2021 16:51:41 GMT] Server:[nginx] Via:[1.1 google]] 0xc0002bb000 8 [] false false map[] 0xc00011f300 <nil>} for http request from host detectportal.firefox.com"}
{"level":"debug","time":"2021-06-16T17:18:34.191-0400","caller":"runtime/asm_amd64.s:1373","msg":"handle http request for detectportal.firefox.com"}
{"level":"debug","time":"2021-06-16T17:18:34.191-0400","caller":"runtime/asm_amd64.s:1373","msg":"handle http request for detectportal.firefox.com"}
{"level":"debug","time":"2021-06-16T17:18:34.221-0400","caller":"runtime/asm_amd64.s:1373","msg":"Response &{200 OK 200 HTTP/1.1 1 1 map[Age:[16013] Cache-Control:[public, must-revalidate, max-age=0, s-maxage=86400] Content-Length:[8] Content-Type:[text/plain] Date:[Wed, 16 Jun 2021 16:51:41 GMT] Server:[nginx] Via:[1.1 google]] 0xc0005016c0 8 [] false false map[] 0xc0005fa200 <nil>} for http request from host detectportal.firefox.com"}
{"level":"debug","time":"2021-06-16T17:18:34.221-0400","caller":"runtime/asm_amd64.s:1373","msg":"Response &{200 OK 200 HTTP/1.1 1 1 map[Age:[16013] Cache-Control:[public, must-revalidate, max-age=0, s-maxage=86400] Content-Length:[8] Content-Type:[text/plain] Date:[Wed, 16 Jun 2021 16:51:41 GMT] Server:[nginx] Via:[1.1 google]] 0xc0005a6b00 8 [] false false map[] 0xc00009d200 <nil>} for http request from host detectportal.firefox.com"}
{"level":"debug","time":"2021-06-16T17:19:31.494-0400","caller":"runtime/asm_amd64.s:1373","msg":"handling connect request for URL //v10.vortex-win.data.microsoft.com:443"}
{"level":"debug","time":"2021-06-16T17:19:47.853-0400","caller":"runtime/asm_amd64.s:1373","msg":"handling connect request for URL //normandy.cdn.mozilla.net:443"}
{"level":"debug","time":"2021-06-16T17:19:59.525-0400","caller":"runtime/asm_amd64.s:1373","msg":"handling connect request for URL //stun-us-1.lambdatest.com:80"}
{"level":"debug","time":"2021-06-16T17:19:59.525-0400","caller":"runtime/asm_amd64.s:1373","msg":"handling connect request for URL //stun-as-1.lambdatest.com:80"}
{"level":"debug","time":"2021-06-16T17:20:01.002-0400","caller":"runtime/asm_amd64.s:1373","msg":"handling connect request for URL //stun-as-1.lambdatest.com:80"}
{"level":"debug","time":"2021-06-16T17:20:01.002-0400","caller":"runtime/asm_amd64.s:1373","msg":"handling connect request for URL //stun-as-1.lambdatest.com:80"}
{"level":"debug","time":"2021-06-16T17:20:01.003-0400","caller":"runtime/asm_amd64.s:1373","msg":"handling connect request for URL //stun-us-1.lambdatest.com:80"}
{"level":"debug","time":"2021-06-16T17:20:01.003-0400","caller":"runtime/asm_amd64.s:1373","msg":"handling connect request for URL //stun-us-1.lambdatest.com:80"}
{"level":"debug","time":"2021-06-16T17:20:01.516-0400","caller":"runtime/asm_amd64.s:1373","msg":"handling connect request for URL //stun-as-1.lambdatest.com:80"}
{"level":"debug","time":"2021-06-16T17:20:01.516-0400","caller":"runtime/asm_amd64.s:1373","msg":"handling connect request for URL //stun-as-1.lambdatest.com:80"}
{"level":"debug","time":"2021-06-16T17:20:01.516-0400","caller":"runtime/asm_amd64.s:1373","msg":"handling connect request for URL //stun-us-1.lambdatest.com:80"}
{"level":"debug","time":"2021-06-16T17:20:01.517-0400","caller":"runtime/asm_amd64.s:1373","msg":"handling connect request for URL //stun-as-1.lambdatest.com:80"}
{"level":"debug","time":"2021-06-16T17:20:01.524-0400","caller":"runtime/asm_amd64.s:1373","msg":"handling connect request for URL //stun-us-1.lambdatest.com:80"}
{"level":"debug","time":"2021-06-16T17:20:01.534-0400","caller":"runtime/asm_amd64.s:1373","msg":"handling connect request for URL //stun-us-1.lambdatest.com:80"}
{"level":"debug","time":"2021-06-16T17:20:05.246-0400","caller":"runtime/asm_amd64.s:1373","msg":"handling connect request for URL //lambda-devops-use-only.s3.amazonaws.com:443"}
{"level":"debug","time":"2021-06-16T17:20:06.122-0400","caller":"runtime/asm_amd64.s:1373","msg":"handle http request for ocsp.startssl.com"}
{"level":"debug","time":"2021-06-16T17:20:06.182-0400","caller":"runtime/asm_amd64.s:1373","msg":"Response &{200 OK 200 HTTP/1.1 1 1 map[Cache-Control:[max-age=0, no-cache, no-store] Content-Length:[1769] Content-Transfer-Encoding:[Binary] Content-Type:[application/ocsp-response] Date:[Wed, 16 Jun 2021 21:20:06 GMT] Etag:[\"A6F11771F457834229A6B2304C0CD9AB639C442F\"] Expires:[Wed, 16 Jun 2021 21:20:06 GMT] Last-Modified:[Thu, 22 Oct 2020 20:42:11 GMT] Pragma:[no-cache] Server:[nginx/1.9.14]] 0xc0003d2780 1769 [] true false map[] 0xc0002ccc00 <nil>} for http request from host ocsp.startssl.com"}
{"level":"debug","time":"2021-06-16T17:20:06.274-0400","caller":"runtime/asm_amd64.s:1373","msg":"handle http request for ocsp.startssl.com"}
{"level":"debug","time":"2021-06-16T17:20:06.300-0400","caller":"runtime/asm_amd64.s:1373","msg":"Response &{200 OK 200 HTTP/1.1 1 1 map[Cache-Control:[max-age=0, no-cache, no-store] Content-Length:[1769] Content-Transfer-Encoding:[Binary] Content-Type:[application/ocsp-response] Date:[Wed, 16 Jun 2021 21:20:06 GMT] Etag:[\"A6F11771F457834229A6B2304C0CD9AB639C442F\"] Expires:[Wed, 16 Jun 2021 21:20:06 GMT] Last-Modified:[Thu, 22 Oct 2020 20:42:11 GMT] Pragma:[no-cache] Server:[nginx/1.9.14]] 0xc000354440 1769 [] true false map[] 0xc0002cce00 <nil>} for http request from host ocsp.startssl.com"}
{"level":"debug","time":"2021-06-16T17:20:06.393-0400","caller":"runtime/asm_amd64.s:1373","msg":"handle http request for crl.startssl.com"}
{"level":"debug","time":"2021-06-16T17:20:06.438-0400","caller":"runtime/asm_amd64.s:1373","msg":"Response &{200 OK 200 HTTP/1.1 1 1 map[Accept-Ranges:[bytes] Content-Type:[application/pkix-crl] Date:[Wed, 16 Jun 2021 21:20:06 GMT] Etag:[\"6077ac58-4aa\"] Last-Modified:[Thu, 15 Apr 2021 03:00:40 GMT] Server:[nginx/1.9.14] Vary:[Accept-Encoding]] 0xc0001b85e0 -1 [] true true map[] 0xc00011e000 <nil>} for http request from host crl.startssl.com"}
{"level":"debug","time":"2021-06-16T17:20:06.541-0400","caller":"runtime/asm_amd64.s:1373","msg":"handle http request for crl.startssl.com"}
{"level":"debug","time":"2021-06-16T17:20:06.567-0400","caller":"runtime/asm_amd64.s:1373","msg":"Response &{200 OK 200 HTTP/1.1 1 1 map[Accept-Ranges:[bytes] Content-Type:[application/pkix-crl] Date:[Wed, 16 Jun 2021 21:20:06 GMT] Etag:[\"6077ac58-4aa\"] Last-Modified:[Thu, 15 Apr 2021 03:00:40 GMT] Server:[nginx/1.9.14] Vary:[Accept-Encoding]] 0xc0001a0540 -1 [] true true map[] 0xc00054e500 <nil>} for http request from host crl.startssl.com"}
{"level":"debug","time":"2021-06-16T17:20:06.841-0400","caller":"runtime/asm_amd64.s:1373","msg":"handling connect request for URL //lambda-devops-use-only.s3.amazonaws.com:443"}
{"level":"debug","time":"2021-06-16T17:20:11.854-0400","caller":"runtime/asm_amd64.s:1373","msg":"handling connect request for URL //lambda-devops-use-only.s3.amazonaws.com:443"}
{"level":"debug","time":"2021-06-16T17:20:14.787-0400","caller":"runtime/asm_amd64.s:1373","msg":"handling connect request for URL //lambda-devops-use-only.s3.amazonaws.com:443"}
{"level":"debug","time":"2021-06-16T17:20:14.856-0400","caller":"runtime/asm_amd64.s:1373","msg":"handling connect request for URL //lambda-devops-use-only.s3.amazonaws.com:443"}
{"level":"debug","time":"2021-06-16T17:20:16.566-0400","caller":"runtime/asm_amd64.s:1373","msg":"handling connect request for URL //hooks.slack.com:443"}
{"level":"debug","time":"2021-06-16T17:20:19.697-0400","caller":"runtime/asm_amd64.s:1373","msg":"handling connect request for URL //lambda-devops-use-only.s3.amazonaws.com:443"}
{"level":"debug","time":"2021-06-16T17:21:07.750-0400","caller":"custom/setup.go:643","msg":"Exiting the sink proxy"}
{"level":"debug","time":"2021-06-16T17:21:07.750-0400","caller":"cmd/lt.go:176","msg":"Context cancelled"}
{"level":"debug","time":"2021-06-16T17:21:07.751-0400","caller":"runtime/asm_amd64.s:1373","msg":"Shutting down the server"}
{"level":"info","time":"2021-06-16T17:21:07.751-0400","caller":"cmd/lt.go:176","msg":"Stopping tunnel"}
{"level":"debug","time":"2021-06-16T17:21:07.751-0400","caller":"runtime/asm_amd64.s:1373","msg":"Shutting down the server"}
{"level":"debug","time":"2021-06-16T17:21:07.751-0400","caller":"runtime/asm_amd64.s:1373","msg":"Shutting down the callback agent"}
{"level":"debug","time":"2021-06-16T17:21:07.752-0400","caller":"runtime/asm_amd64.s:1373","msg":"Unusual close error on control channel..."}
{"level":"debug","time":"2021-06-16T17:21:07.752-0400","caller":"runtime/asm_amd64.s:1373","msg":"Write loop ended for control channel"}
{"level":"info","time":"2021-06-16T17:21:07.815-0400","caller":"cmd/lt.go:176","msg":"Tunnel stopped successfully"}
{"level":"debug","time":"2021-06-16T17:21:07.815-0400","caller":"cmd/lt.go:176","msg":"Quit requested from main goroutine...."}
{"level":"debug","time":"2021-06-16T17:21:07.815-0400","caller":"cmd/lt.go:176","msg":"Waiting for the goroutines to exit"}
{"level":"debug","time":"2021-06-16T17:21:07.815-0400","caller":"cmd/lt.go:176","msg":"All goroutines exited"}
{"level":"debug","time":"2021-06-16T17:21:07.815-0400","caller":"runtime/asm_amd64.s:1373","msg":"main: all goroutines have finished."}
